<?xml version="1.0" encoding="UTF-8"?>
<testsuite xmlns:xsi="http://www.w3.org/2001/XMLSchema-instance" xsi:noNamespaceSchemaLocation="https://maven.apache.org/surefire/maven-surefire-plugin/xsd/surefire-test-report.xsd" version="3.0.2" name="com.sip.calculatrice.CalculatorServiceTest" time="0.066" tests="5" errors="0" skipped="0" failures="0">
  <properties>
[...]
</properties>
  <testcase name="testDivideByZero" classname="com.sip.calculatrice.CalculatorServiceTest" time="0.033"/>
  <testcase name="testAdd" classname="com.sip.calculatrice.CalculatorServiceTest" time="0.001"/>
  <testcase name="testSubtract" classname="com.sip.calculatrice.CalculatorServiceTest" time="0.001"/>
  <testcase name="testDivide" classname="com.sip.calculatrice.CalculatorServiceTest" time="0.001"/>
  <testcase name="testMultiply" classname="com.sip.calculatrice.CalculatorServiceTest" time="0.001"/>
</testsuite>