<?xml version="1.0" encoding="UTF-8"?>
<testsuite xmlns:xsi="http://www.w3.org/2001/XMLSchema-instance" xsi:noNamespaceSchemaLocation="https://maven.apache.org/surefire/maven-surefire-plugin/xsd/surefire-test-report.xsd" version="3.0.2" name="com.sip.calculatrice.CalculatriceApplicationTests" time="1.039" tests="1" errors="0" skipped="0" failures="0">
  <properties>
[...]
</properties>
  <testcase name="contextLoads" classname="com.sip.calculatrice.CalculatriceApplicationTests" time="0.006">
    <system-out><![CDATA[2025-08-24T13:46:09.606+02:00  INFO 12024 --- [Calculatrice] [           main] t.c.s.AnnotationConfigContextLoaderUtils : Could not detect default configuration classes for test class [com.sip.calculatrice.CalculatriceApplicationTests]: CalculatriceApplicationTests does not declare any static, non-private, non-final, nested classes annotated with @Configuration.
2025-08-24T13:46:09.613+02:00  INFO 12024 --- [Calculatrice] [           main] .b.t.c.SpringBootTestContextBootstrapper : Found @SpringBootConfiguration com.sip.calculatrice.CalculatriceApplication for test class com.sip.calculatrice.CalculatriceApplicationTests
2025-08-24T13:46:09.629+02:00  INFO 12024 --- [Calculatrice] [           main] o.s.b.d.r.RestartApplicationListener     : Restart disabled due to context in which it is running

  .   ____          _            __ _ _
 /\\ / ___'_ __ _ _(_)_ __  __ _ \ \ \ \
( ( )\___ | '_ | '_| | '_ \/ _` | \ \ \ \
 \\/  ___)| |_)| | | | | || (_| |  ) ) ) )
  '  |____| .__|_| |_|_| |_\__, | / / / /
 =========|_|==============|___/=/_/_/_/

 :: Spring Boot ::                (v3.5.5)

2025-08-24T13:46:09.686+02:00  INFO 12024 --- [Calculatrice] [           main] c.s.c.CalculatriceApplicationTests       : Starting CalculatriceApplicationTests using Java 17.0.10 with PID 12024 (started by ADMINISTRATOR$ in C:\Users\kbakh\OneDrive\Bureau\etud\dev\Day3_24082025_Jenkins-20250824T091720Z-1-001\jenkins_lab-master)
2025-08-24T13:46:09.687+02:00  INFO 12024 --- [Calculatrice] [           main] c.s.c.CalculatriceApplicationTests       : No active profile set, falling back to 1 default profile: "default"
2025-08-24T13:46:10.608+02:00  INFO 12024 --- [Calculatrice] [           main] c.s.c.CalculatriceApplicationTests       : Started CalculatriceApplicationTests in 0.979 seconds (process running for 7.627)
]]></system-out>
  </testcase>
</testsuite>